<?xml version="1.0" encoding="UTF-8" ?>
<testsuite failures="0" time="0.809" errors="0" skipped="6" tests="6" name="org.springframework.security.oauth2.provider.TestAdminEndpoints">
  <properties>
[...]
</properties>
  <testcase time="0.714" classname="org.springframework.security.oauth2.provider.TestAdminEndpoints" name="testListTokensByUser">
    <skipped/>
    <system-err>sparklr2 19:43:00.233 [DEBUG] RestTemplate - Created GET request for &quot;http://localhost:8080/sparklr2/login.jsp&quot;
sparklr2 19:43:00.247 [DEBUG] RestTemplate - Setting request Accept header to [text/plain, application/json, application/*+json, */*]
sparklr2 19:43:00.269 [WARN] RestTemplate - GET request for &quot;http://localhost:8080/sparklr2/login.jsp&quot; resulted in 404 (Not Found); invoking error handler
sparklr2 19:43:00.277 [WARN] ServerRunning - Not executing tests because basic connectivity test failed for hostName=localhost, port=8080 &lt;org.springframework.web.client.HttpClientErrorException: 404 Not Found&gt;org.springframework.web.client.HttpClientErrorException: 404 Not Found
	at org.springframework.web.client.DefaultResponseErrorHandler.handleError(DefaultResponseErrorHandler.java:88)
	at org.springframework.web.client.RestTemplate.handleResponseError(RestTemplate.java:537)
	at org.springframework.web.client.RestTemplate.doExecute(RestTemplate.java:493)
	at org.springframework.web.client.RestTemplate.execute(RestTemplate.java:452)
	at org.springframework.web.client.RestTemplate.getForEntity(RestTemplate.java:244)
	at org.springframework.security.oauth2.provider.ServerRunning.apply(ServerRunning.java:139)
	at org.junit.runners.BlockJUnit4ClassRunner.withRules(BlockJUnit4ClassRunner.java:354)
	at org.junit.runners.BlockJUnit4ClassRunner.methodBlock(BlockJUnit4ClassRunner.java:270)
	at org.junit.runners.BlockJUnit4ClassRunner.runNotIgnored(BlockJUnit4ClassRunner.java:79)
	at org.junit.runners.BlockJUnit4ClassRunner.runChild(BlockJUnit4ClassRunner.java:71)
	at org.junit.runners.BlockJUnit4ClassRunner.runChild(BlockJUnit4ClassRunner.java:49)
	at org.junit.runners.ParentRunner$3.run(ParentRunner.java:193)
	at org.junit.runners.ParentRunner$1.schedule(ParentRunner.java:52)
	at org.junit.runners.ParentRunner.runChildren(ParentRunner.java:191)
	at org.junit.runners.ParentRunner.access$000(ParentRunner.java:42)
	at org.junit.runners.ParentRunner$2.evaluate(ParentRunner.java:184)
	at org.junit.runners.ParentRunner.run(ParentRunner.java:236)
	at org.apache.maven.surefire.junit4.JUnit4Provider.execute(JUnit4Provider.java:252)
	at org.apache.maven.surefire.junit4.JUnit4Provider.executeTestSet(JUnit4Provider.java:141)
	at org.apache.maven.surefire.junit4.JUnit4Provider.invoke(JUnit4Provider.java:112)
	at sun.reflect.NativeMethodAccessorImpl.invoke0(Native Method)
	at sun.reflect.NativeMethodAccessorImpl.invoke(NativeMethodAccessorImpl.java:57)
	at sun.reflect.DelegatingMethodAccessorImpl.invoke(DelegatingMethodAccessorImpl.java:43)
	at java.lang.reflect.Method.invoke(Method.java:606)
	at org.apache.maven.surefire.util.ReflectionUtils.invokeMethodWithArray(ReflectionUtils.java:189)
	at org.apache.maven.surefire.booter.ProviderFactory$ProviderProxy.invoke(ProviderFactory.java:165)
	at org.apache.maven.surefire.booter.ProviderFactory.invokeProvider(ProviderFactory.java:85)
	at org.apache.maven.surefire.booter.ForkedBooter.runSuitesInProcess(ForkedBooter.java:115)
	at org.apache.maven.surefire.booter.ForkedBooter.main(ForkedBooter.java:75)

</system-err>
  </testcase>
  <testcase time="0.027" classname="org.springframework.security.oauth2.provider.TestAdminEndpoints" name="testRevokeTokenByUser">
    <skipped/>
  </testcase>
  <testcase time="0.016" classname="org.springframework.security.oauth2.provider.TestAdminEndpoints" name="testClientListsTokensOfUser">
    <skipped/>
  </testcase>
  <testcase time="0.015" classname="org.springframework.security.oauth2.provider.TestAdminEndpoints" name="testCannotListTokensOfAnotherUser">
    <skipped/>
  </testcase>
  <testcase time="0.019" classname="org.springframework.security.oauth2.provider.TestAdminEndpoints" name="testListTokensByClient">
    <skipped/>
  </testcase>
  <testcase time="0.018" classname="org.springframework.security.oauth2.provider.TestAdminEndpoints" name="testUserCannotListTokensOfClient">
    <skipped/>
  </testcase>
</testsuite>